<?xml version="1.0" encoding="UTF-8"?>
<coverage generated="1652278846734" clover="3.2.0">
  <project timestamp="1652278846734" name="All files">
    <metrics statements="14" coveredstatements="14" conditionals="8" coveredconditionals="8" methods="9" coveredmethods="9" elements="31" coveredelements="31" complexity="0" loc="14" ncloc="14" packages="4" files="4" classes="4"/>
    <package name="00-calculateBill">
      <metrics statements="3" coveredstatements="3" conditionals="0" coveredconditionals="0" methods="1" coveredmethods="1"/>
      <file name="00-calculateBill.js" path="/Users/diana/Desktop/Projects/Jest/Mentorship-2022-katas/00-calculateBill/00-calculateBill.js">
        <metrics statements="3" coveredstatements="3" conditionals="0" coveredconditionals="0" methods="1" coveredmethods="1"/>
        <line num="2" count="1" type="stmt"/>
        <line num="4" count="1" type="stmt"/>
        <line num="7" count="1" type="stmt"/>
      </file>
    </package>
    <package name="01-countingMonkeys">
      <metrics statements="2" coveredstatements="2" conditionals="0" coveredconditionals="0" methods="2" coveredmethods="2"/>
      <file name="02-countingMonkeys.js" path="/Users/diana/Desktop/Projects/Jest/Mentorship-2022-katas/01-countingMonkeys/02-countingMonkeys.js">
        <metrics statements="2" coveredstatements="2" conditionals="0" coveredconditionals="0" methods="2" coveredmethods="2"/>
        <line num="3" count="8" type="stmt"/>
        <line num="5" count="1" type="stmt"/>
      </file>
    </package>
    <package name="02-isStringUppercase">
      <metrics statements="4" coveredstatements="4" conditionals="2" coveredconditionals="2" methods="1" coveredmethods="1"/>
      <file name="02-isStringUppercase.js" path="/Users/diana/Desktop/Projects/Jest/Mentorship-2022-katas/02-isStringUppercase/02-isStringUppercase.js">
        <metrics statements="4" coveredstatements="4" conditionals="2" coveredconditionals="2" methods="1" coveredmethods="1"/>
        <line num="4" count="3" type="cond" truecount="2" falsecount="0"/>
        <line num="5" count="1" type="stmt"/>
        <line num="7" count="2" type="stmt"/>
        <line num="10" count="1" type="stmt"/>
      </file>
    </package>
    <package name="03-secondLargestNumber">
      <metrics statements="5" coveredstatements="5" conditionals="6" coveredconditionals="6" methods="5" coveredmethods="5"/>
      <file name="03-secondLargestNumber.js" path="/Users/diana/Desktop/Projects/Jest/Mentorship-2022-katas/03-secondLargestNumber/03-secondLargestNumber.js">
        <metrics statements="5" coveredstatements="5" conditionals="6" coveredconditionals="6" methods="5" coveredmethods="5"/>
        <line num="3" count="7" type="cond" truecount="4" falsecount="0"/>
        <line num="4" count="6" type="cond" truecount="2" falsecount="0"/>
        <line num="5" count="2" type="stmt"/>
        <line num="6" count="6" type="stmt"/>
        <line num="9" count="1" type="stmt"/>
      </file>
    </package>
  </project>
</coverage>
