{"/Users/diana/Desktop/Projects/Jest/Mentorship-2022-katas/00-calculateBill/00-calculateBill.js": {"path":"/Users/diana/Desktop/Projects/Jest/Mentorship-2022-katas/00-calculateBill/00-calculateBill.js","statementMap":{"0":{"start":{"line":2,"column":18},"end":{"line":2,"column":63}},"1":{"start":{"line":4,"column":4},"end":{"line":4,"column":96}},"2":{"start":{"line":7,"column":0},"end":{"line":7,"column":31}}},"fnMap":{"0":{"name":"CalculateBill","decl":{"start":{"line":1,"column":9},"end":{"line":1,"column":22}},"loc":{"start":{"line":1,"column":38},"end":{"line":5,"column":1}},"line":1}},"branchMap":{},"s":{"0":1,"1":1,"2":1},"f":{"0":1},"b":{},"_coverageSchema":"1a1c01bbd47fc00a2c39e90264f33305004495a9","hash":"c02375279656209e8b51c24a51e7b9a58dd51cd0"}
,"/Users/diana/Desktop/Projects/Jest/Mentorship-2022-katas/01-countingMonkeys/02-countingMonkeys.js": {"path":"/Users/diana/Desktop/Projects/Jest/Mentorship-2022-katas/01-countingMonkeys/02-countingMonkeys.js","statementMap":{"0":{"start":{"line":3,"column":4},"end":{"line":3,"column":55}},"1":{"start":{"line":3,"column":49},"end":{"line":3,"column":54}},"2":{"start":{"line":5,"column":0},"end":{"line":5,"column":33}}},"fnMap":{"0":{"name":"countingMonkeys","decl":{"start":{"line":2,"column":9},"end":{"line":2,"column":24}},"loc":{"start":{"line":2,"column":32},"end":{"line":4,"column":1}},"line":2},"1":{"name":"(anonymous_1)","decl":{"start":{"line":3,"column":39},"end":{"line":3,"column":40}},"loc":{"start":{"line":3,"column":49},"end":{"line":3,"column":54}},"line":3}},"branchMap":{},"s":{"0":1,"1":8,"2":1},"f":{"0":1,"1":8},"b":{},"_coverageSchema":"1a1c01bbd47fc00a2c39e90264f33305004495a9","hash":"069de48b5e43eb275507a2095bccd62ef8cfbb5f"}
,"/Users/diana/Desktop/Projects/Jest/Mentorship-2022-katas/02-isStringUppercase/02-isStringUppercase.js": {"path":"/Users/diana/Desktop/Projects/Jest/Mentorship-2022-katas/02-isStringUppercase/02-isStringUppercase.js","statementMap":{"0":{"start":{"line":4,"column":4},"end":{"line":6,"column":5}},"1":{"start":{"line":5,"column":8},"end":{"line":5,"column":30}},"2":{"start":{"line":7,"column":4},"end":{"line":7,"column":43}},"3":{"start":{"line":10,"column":0},"end":{"line":10,"column":35}}},"fnMap":{"0":{"name":"isStringUppercase","decl":{"start":{"line":2,"column":9},"end":{"line":2,"column":26}},"loc":{"start":{"line":2,"column":34},"end":{"line":8,"column":1}},"line":2}},"branchMap":{"0":{"loc":{"start":{"line":4,"column":4},"end":{"line":6,"column":5}},"type":"if","locations":[{"start":{"line":4,"column":4},"end":{"line":6,"column":5}},{"start":{},"end":{}}],"line":4}},"s":{"0":3,"1":1,"2":2,"3":1},"f":{"0":3},"b":{"0":[1,2]},"_coverageSchema":"1a1c01bbd47fc00a2c39e90264f33305004495a9","hash":"7e6fdb0ebc71a60ff7cdf63734b4fc37082bd4f3"}
}
