{"/Users/diana/Desktop/Projects/Jest/Mentorship-2022-katas/01-countingMonkeys/02-countingMonkeys.js": {"path":"/Users/diana/Desktop/Projects/Jest/Mentorship-2022-katas/01-countingMonkeys/02-countingMonkeys.js","statementMap":{"0":{"start":{"line":3,"column":4},"end":{"line":3,"column":55}},"1":{"start":{"line":3,"column":49},"end":{"line":3,"column":54}},"2":{"start":{"line":5,"column":0},"end":{"line":5,"column":33}}},"fnMap":{"0":{"name":"countingMonkeys","decl":{"start":{"line":2,"column":9},"end":{"line":2,"column":24}},"loc":{"start":{"line":2,"column":32},"end":{"line":4,"column":1}},"line":2},"1":{"name":"(anonymous_1)","decl":{"start":{"line":3,"column":39},"end":{"line":3,"column":40}},"loc":{"start":{"line":3,"column":49},"end":{"line":3,"column":54}},"line":3}},"branchMap":{},"s":{"0":1,"1":8,"2":1},"f":{"0":1,"1":8},"b":{},"_coverageSchema":"1a1c01bbd47fc00a2c39e90264f33305004495a9","hash":"069de48b5e43eb275507a2095bccd62ef8cfbb5f"}
}
