TN:
SF:00-calculateBill/00-calculateBill.js
FN:1,CalculateBill
FNF:1
FNH:1
FNDA:1,CalculateBill
DA:2,1
DA:4,1
DA:7,1
LF:3
LH:3
BRF:0
BRH:0
end_of_record
TN:
SF:01-countingMonkeys/02-countingMonkeys.js
FN:2,countingMonkeys
FN:3,(anonymous_1)
FNF:2
FNH:2
FNDA:1,countingMonkeys
FNDA:8,(anonymous_1)
DA:3,8
DA:5,1
LF:2
LH:2
BRF:0
BRH:0
end_of_record
TN:
SF:02-isStringUppercase/02-isStringUppercase.js
FN:2,isStringUppercase
FNF:1
FNH:1
FNDA:3,isStringUppercase
DA:4,3
DA:5,1
DA:7,2
DA:10,1
LF:4
LH:4
BRDA:4,0,0,1
BRDA:4,0,1,2
BRF:2
BRH:2
end_of_record
TN:
SF:03-secondLargestNumber/03-secondLargestNumber.js
FN:1,secondLargestNumber
FN:3,(anonymous_1)
FN:4,(anonymous_2)
FN:4,(anonymous_3)
FN:6,(anonymous_4)
FNF:5
FNH:5
FNDA:3,secondLargestNumber
FNDA:7,(anonymous_1)
FNDA:6,(anonymous_2)
FNDA:6,(anonymous_3)
FNDA:6,(anonymous_4)
DA:3,7
DA:4,6
DA:5,2
DA:6,6
DA:9,1
LF:5
LH:5
BRDA:3,0,0,1
BRDA:3,0,1,2
BRDA:3,1,0,3
BRDA:3,1,1,3
BRDA:4,2,0,6
BRDA:4,2,1,1
BRF:6
BRH:6
end_of_record
